Mon Oct 11 15:55:26 CAT 2021  [debug] AvalonLogSystem initialized using logfile 'velocity.log'
Mon Oct 11 15:55:26 CAT 2021   [info] ************************************************************** 
Mon Oct 11 15:55:26 CAT 2021   [info] Starting Jakarta Velocity v1.4
Mon Oct 11 15:55:26 CAT 2021   [info] RuntimeInstance initializing.
Mon Oct 11 15:55:26 CAT 2021   [info] Default Properties File: org\apache\velocity\runtime\defaults\velocity.properties
Mon Oct 11 15:55:26 CAT 2021   [info] Trying to use logger class org.apache.velocity.runtime.log.AvalonLogSystem
Mon Oct 11 15:55:26 CAT 2021   [info] Using logger class org.apache.velocity.runtime.log.AvalonLogSystem
Mon Oct 11 15:55:26 CAT 2021   [info] Default ResourceManager initializing. (class org.apache.velocity.runtime.resource.ResourceManagerImpl)
Mon Oct 11 15:55:26 CAT 2021   [info] Resource Loader Instantiated: org.apache.velocity.runtime.resource.loader.ClasspathResourceLoader
Mon Oct 11 15:55:26 CAT 2021   [info] ClasspathResourceLoader : initialization starting.
Mon Oct 11 15:55:26 CAT 2021   [info] ClasspathResourceLoader : initialization complete.
Mon Oct 11 15:55:26 CAT 2021   [info] ResourceCache : initialized. (class org.apache.velocity.runtime.resource.ResourceCacheImpl)
Mon Oct 11 15:55:26 CAT 2021   [info] Default ResourceManager initialization complete.
Mon Oct 11 15:55:26 CAT 2021   [info] Loaded System Directive: org.apache.velocity.runtime.directive.Literal
Mon Oct 11 15:55:26 CAT 2021   [info] Loaded System Directive: org.apache.velocity.runtime.directive.Macro
Mon Oct 11 15:55:26 CAT 2021   [info] Loaded System Directive: org.apache.velocity.runtime.directive.Parse
Mon Oct 11 15:55:26 CAT 2021   [info] Loaded System Directive: org.apache.velocity.runtime.directive.Include
Mon Oct 11 15:55:26 CAT 2021   [info] Loaded System Directive: org.apache.velocity.runtime.directive.Foreach
Mon Oct 11 15:55:26 CAT 2021   [info] Created: 20 parsers.
Mon Oct 11 15:55:26 CAT 2021   [info] Velocimacro : initialization starting.
Mon Oct 11 15:55:26 CAT 2021   [info] Velocimacro : adding VMs from VM library template : VM_global_library.vm
Mon Oct 11 15:55:26 CAT 2021  [error] ResourceManager : unable to find resource 'VM_global_library.vm' in any resource loader.
Mon Oct 11 15:55:26 CAT 2021   [info] Velocimacro : error using  VM library template VM_global_library.vm : org.apache.velocity.exception.ResourceNotFoundException: Unable to find resource 'VM_global_library.vm'
Mon Oct 11 15:55:26 CAT 2021   [info] Velocimacro :  VM library template macro registration complete.
Mon Oct 11 15:55:26 CAT 2021   [info] Velocimacro : allowInline = true : VMs can be defined inline in templates
Mon Oct 11 15:55:26 CAT 2021   [info] Velocimacro : allowInlineToOverride = false : VMs defined inline may NOT replace previous VM definitions
Mon Oct 11 15:55:26 CAT 2021   [info] Velocimacro : allowInlineLocal = false : VMs defined inline will be  global in scope if allowed.
Mon Oct 11 15:55:26 CAT 2021   [info] Velocimacro : messages on  : VM system will output logging messages
Mon Oct 11 15:55:26 CAT 2021   [info] Velocimacro : autoload off  : VM system will not automatically reload global library macros
Mon Oct 11 15:55:26 CAT 2021   [info] Velocimacro : initialization complete.
Mon Oct 11 15:55:26 CAT 2021   [info] Velocity successfully started.
